[13.05.2023, 13:05:16] Server started on port 3001
[13.05.2023, 13:05:16] Request incoming
[13.05.2023, 13:05:16] Providing new API was successful
[13.05.2023, 13:07:00] Server started on port 3001
[13.05.2023, 13:07:05] Server started on port 3001
[13.05.2023, 13:07:07] Server started on port 3001
[13.05.2023, 13:07:09] Server started on port 3001
[13.05.2023, 13:07:14] Server started on port 3001
[13.05.2023, 13:07:38] Server started on port 3001
[13.05.2023, 13:14:29] Server started on port 3001
[13.05.2023, 13:14:30] Server started on port 3001
[13.05.2023, 13:14:40] Server started on port 3001
[13.05.2023, 13:14:43] Server started on port 3001
[13.05.2023, 13:15:44] Server started on port 3001
[13.05.2023, 13:15:44] Request incoming
[13.05.2023, 13:15:44] Providing new API was successful
[13.05.2023, 13:18:18] Server started on port 3001
[13.05.2023, 13:18:23] Server started on port 3001
[13.05.2023, 13:18:23] Request incoming
[13.05.2023, 13:18:23] Providing new API was successful
[13.05.2023, 13:18:23] Request incoming
[13.05.2023, 13:18:23] Providing new API was successful
[13.05.2023, 13:18:23] Request incoming
[13.05.2023, 13:18:23] Providing new API was successful
[13.05.2023, 13:20:42] Server started on port 3001
[13.05.2023, 13:20:42] Request incoming
[13.05.2023, 13:20:42] Providing new API was successful
[13.05.2023, 13:20:42] Error occurred on the user's side
[13.05.2023, 13:20:42] Request incoming
[13.05.2023, 13:20:42] Providing new API was successful
[13.05.2023, 13:20:42] Error occurred on the user's side
[13.05.2023, 13:20:58] Server started on port 3001
[13.05.2023, 13:20:58] Providing new API was successful
[13.05.2023, 13:20:58] Error occurred on the user's side
[13.05.2023, 13:21:33] Server started on port 3001
[13.05.2023, 13:21:33] API Call
[13.05.2023, 13:21:33] Error occurred on the user's side
[13.05.2023, 13:21:33] API Call
[13.05.2023, 13:22:46] Server started on port 3001
[13.05.2023, 13:22:46] API Call
[13.05.2023, 13:22:46] Display tabele
[13.05.2023, 13:22:56] Server started on port 3001
[13.05.2023, 13:22:56] API Call
[13.05.2023, 13:22:56] Display table
[13.05.2023, 13:22:56] API Call
[13.05.2023, 13:22:56] Error occurred on the user's side
[13.05.2023, 13:22:56] API Call
[13.05.2023, 13:22:56] Error occurred on the user's side
[13.05.2023, 13:22:56] API Call
[13.05.2023, 13:22:56] Display table
[13.05.2023, 13:22:56] API Call
[13.05.2023, 13:22:56] Send JSON data
[13.05.2023, 13:24:52] Server started on port 3001
[13.05.2023, 13:24:57] Server started on port 3001
[13.05.2023, 13:25:00] Server started on port 3001
[13.05.2023, 13:25:06] Server started on port 3001
[13.05.2023, 13:25:12] Server started on port 3001
[13.05.2023, 13:26:40] Server started on port 3001
[13.05.2023, 13:26:40] API Call
[13.05.2023, 13:26:40] Send API link to user
[13.05.2023, 13:26:40] API Call
[13.05.2023, 13:26:40] Send JSON data
[13.05.2023, 13:26:40] API Call
[13.05.2023, 13:26:40] Error occurred on the user's side
[13.05.2023, 13:32:06] Server started on port 3001
[13.05.2023, 13:32:06] API Call
[13.05.2023, 13:32:06] Error occurred on the user's side
[13.05.2023, 13:32:06] API Call
[13.05.2023, 13:32:06] Error occurred on the user's side
[13.05.2023, 13:32:06] API Call
[13.05.2023, 13:32:06] Error occurred on the user's side
[13.05.2023, 13:32:06] API Call
[13.05.2023, 13:32:06] Error occurred on the user's side
[13.05.2023, 13:32:06] API Call
[13.05.2023, 13:32:06] Error occurred on the user's side
[13.05.2023, 13:32:06] API Call
[13.05.2023, 13:32:06] Error occurred on the user's side
[13.05.2023, 13:32:06] API Call
[13.05.2023, 13:32:06] Error occurred on the user's side
[13.05.2023, 13:32:06] API Call
[13.05.2023, 13:32:06] Error occurred on the user's side
[13.05.2023, 13:32:06] API Call
[13.05.2023, 13:32:06] Error occurred on the user's side
[13.05.2023, 13:32:06] API Call
[13.05.2023, 13:32:06] Error occurred on the user's side
[13.05.2023, 13:32:06] API Call
[13.05.2023, 13:32:06] Error occurred on the user's side
[13.05.2023, 13:32:06] API Call
[13.05.2023, 13:32:06] Error occurred on the user's side
[13.05.2023, 13:32:06] API Call
[13.05.2023, 13:32:06] Error occurred on the user's side
[13.05.2023, 13:32:06] API Call
[13.05.2023, 13:32:06] Error occurred on the user's side
[13.05.2023, 13:32:06] API Call
[13.05.2023, 13:32:06] Error occurred on the user's side
[13.05.2023, 13:32:06] API Call
[13.05.2023, 13:32:06] Error occurred on the user's side
[13.05.2023, 13:32:06] API Call
[13.05.2023, 13:32:06] Error occurred on the user's side
[13.05.2023, 13:32:06] API Call
[13.05.2023, 13:32:06] Error occurred on the user's side
[13.05.2023, 13:32:06] API Call
[13.05.2023, 13:32:06] API Call
[13.05.2023, 13:32:06] Error occurred on the user's side
[13.05.2023, 13:32:06] Error occurred on the user's side
[13.05.2023, 13:32:06] API Call
[13.05.2023, 13:32:06] Error occurred on the user's side
[13.05.2023, 13:32:06] API Call
[13.05.2023, 13:32:06] Error occurred on the user's side
[13.05.2023, 13:32:06] API Call
[13.05.2023, 13:32:06] API Call
[13.05.2023, 13:32:06] Error occurred on the user's side
[13.05.2023, 13:32:06] API Call
[13.05.2023, 13:32:06] Error occurred on the user's side
[13.05.2023, 13:32:06] Error occurred on the user's side
[13.05.2023, 13:32:06] API Call
[13.05.2023, 13:32:06] Error occurred on the user's side
[13.05.2023, 13:32:06] API Call
[13.05.2023, 13:32:06] Error occurred on the user's side
[13.05.2023, 13:32:06] API Call
[13.05.2023, 13:32:06] Error occurred on the user's side
[13.05.2023, 13:32:06] API Call
[13.05.2023, 13:32:06] Error occurred on the user's side
[13.05.2023, 13:32:06] API Call
[13.05.2023, 13:32:06] Error occurred on the user's side
[13.05.2023, 13:32:06] API Call
[13.05.2023, 13:32:06] Error occurred on the user's side
[13.05.2023, 13:32:06] API Call
[13.05.2023, 13:32:06] Error occurred on the user's side
[13.05.2023, 13:32:06] API Call
[13.05.2023, 13:32:06] Error occurred on the user's side
[13.05.2023, 13:32:06] API Call
[13.05.2023, 13:32:06] Error occurred on the user's side
[13.05.2023, 13:32:06] API Call
[13.05.2023, 13:32:06] Error occurred on the user's side
[13.05.2023, 13:32:06] API Call
[13.05.2023, 13:32:06] Error occurred on the user's side
[13.05.2023, 13:32:06] API Call
[13.05.2023, 13:32:06] Error occurred on the user's side
[13.05.2023, 13:32:06] API Call
[13.05.2023, 13:32:06] Error occurred on the user's side
[13.05.2023, 13:32:06] API Call
[13.05.2023, 13:32:06] Error occurred on the user's side
[13.05.2023, 13:32:06] API Call
[13.05.2023, 13:32:06] Error occurred on the user's side
[13.05.2023, 13:32:06] API Call
[13.05.2023, 13:32:06] Error occurred on the user's side
[13.05.2023, 13:32:06] API Call
[13.05.2023, 13:32:06] Error occurred on the user's side
[13.05.2023, 13:32:06] API Call
[13.05.2023, 13:32:06] Error occurred on the user's side
[13.05.2023, 13:32:06] API Call
[13.05.2023, 13:32:06] Error occurred on the user's side
[13.05.2023, 13:32:06] API Call
[13.05.2023, 13:32:06] Error occurred on the user's side
[13.05.2023, 13:32:06] API Call
[13.05.2023, 13:32:06] Error occurred on the user's side
[13.05.2023, 13:32:06] API Call
[13.05.2023, 13:32:06] Error occurred on the user's side
[13.05.2023, 13:32:06] API Call
[13.05.2023, 13:32:06] Error occurred on the user's side
[13.05.2023, 13:32:06] API Call
[13.05.2023, 13:32:06] API Call
[13.05.2023, 13:32:06] Error occurred on the user's side
[13.05.2023, 13:32:06] API Call
[13.05.2023, 13:32:06] Error occurred on the user's side
[13.05.2023, 13:32:06] API Call
[13.05.2023, 13:32:06] API Call
[13.05.2023, 13:32:06] Error occurred on the user's side
[13.05.2023, 13:32:06] Error occurred on the user's side
[13.05.2023, 13:32:06] API Call
[13.05.2023, 13:32:06] Error occurred on the user's side
[13.05.2023, 13:32:06] Error occurred on the user's side
[13.05.2023, 13:32:06] API Call
[13.05.2023, 13:32:06] Error occurred on the user's side
[13.05.2023, 13:32:06] API Call
[13.05.2023, 13:32:06] Error occurred on the user's side
[13.05.2023, 13:32:06] API Call
[13.05.2023, 13:32:06] Error occurred on the user's side
[13.05.2023, 13:32:06] API Call
[13.05.2023, 13:32:06] Error occurred on the user's side
[13.05.2023, 13:32:06] API Call
[13.05.2023, 13:32:06] Error occurred on the user's side
[13.05.2023, 13:32:06] API Call
[13.05.2023, 13:32:06] API Call
[13.05.2023, 13:32:06] Error occurred on the user's side
[13.05.2023, 13:32:06] Error occurred on the user's side
[13.05.2023, 13:32:06] API Call
[13.05.2023, 13:32:06] Error occurred on the user's side
[13.05.2023, 13:32:06] API Call
[13.05.2023, 13:32:06] Error occurred on the user's side
[13.05.2023, 13:32:06] API Call
[13.05.2023, 13:32:06] Error occurred on the user's side
[13.05.2023, 13:32:06] API Call
[13.05.2023, 13:32:06] Error occurred on the user's side
[13.05.2023, 13:32:06] API Call
[13.05.2023, 13:32:06] Error occurred on the user's side
[13.05.2023, 13:32:06] API Call
[13.05.2023, 13:32:06] Error occurred on the user's side
[13.05.2023, 13:32:06] API Call
[13.05.2023, 13:32:06] Error occurred on the user's side
[13.05.2023, 13:32:06] API Call
[13.05.2023, 13:32:06] Error occurred on the user's side
[13.05.2023, 13:32:06] API Call
[13.05.2023, 13:32:06] Error occurred on the user's side
[13.05.2023, 13:32:06] API Call
[13.05.2023, 13:32:06] Error occurred on the user's side
[13.05.2023, 13:32:06] API Call
[13.05.2023, 13:32:06] Error occurred on the user's side
[13.05.2023, 13:32:06] API Call
[13.05.2023, 13:32:06] Error occurred on the user's side
[13.05.2023, 13:32:06] API Call
[13.05.2023, 13:32:06] Error occurred on the user's side
[13.05.2023, 13:32:06] API Call
[13.05.2023, 13:32:06] Error occurred on the user's side
[13.05.2023, 13:32:06] API Call
[13.05.2023, 13:32:06] Error occurred on the user's side
[13.05.2023, 13:32:06] API Call
[13.05.2023, 13:32:06] Error occurred on the user's side
[13.05.2023, 13:32:06] API Call
[13.05.2023, 13:32:06] Error occurred on the user's side
[13.05.2023, 13:32:06] API Call
[13.05.2023, 13:32:06] Error occurred on the user's side
[13.05.2023, 13:32:06] API Call
[13.05.2023, 13:32:06] Send API link to user
[13.05.2023, 13:32:06] API Call
[13.05.2023, 13:32:06] Send JSON data
[13.05.2023, 13:32:06] API Call
[13.05.2023, 13:32:06] Send API link to user
[13.05.2023, 13:34:00] Server started on port 3001
[13.05.2023, 13:35:45] Server started on port 3001
[13.05.2023, 13:36:00] API Call
[13.05.2023, 13:36:00] API Call
[13.05.2023, 13:36:00] API Call
[13.05.2023, 13:36:00] Error in scrapeData()
[13.05.2023, 13:37:24] Server started on port 3001
[13.05.2023, 13:38:01] Server started on port 3001
[13.05.2023, 13:39:25] Server started on port 3001
[13.05.2023, 13:39:34] API Call
[13.05.2023, 13:39:34] Error occurred on the user's side
[13.05.2023, 13:39:42] API Call
[13.05.2023, 13:39:42] Error occurred on the user's side
[13.05.2023, 15:13:45] API Call
[13.05.2023, 15:13:45] Send API link to user
[13.05.2023, 15:13:56] API Call
[13.05.2023, 15:13:56] Send JSON data
[13.05.2023, 15:23:41] API Call
[13.05.2023, 15:23:41] Send API link to user
[13.05.2023, 15:23:47] API Call
[13.05.2023, 15:23:48] Send API link to user
[13.05.2023, 15:23:49] API Call
[13.05.2023, 15:23:49] Send API link to user
[13.05.2023, 15:23:50] API Call
[13.05.2023, 15:23:50] Send API link to user
[13.05.2023, 15:23:51] API Call
[13.05.2023, 15:23:51] Send API link to user
[13.05.2023, 15:23:51] API Call
[13.05.2023, 15:23:51] Send API link to user
[13.05.2023, 15:23:51] API Call
[13.05.2023, 15:23:51] Send API link to user
[13.05.2023, 15:23:51] API Call
[13.05.2023, 15:23:51] Send API link to user
[13.05.2023, 15:23:51] API Call
[13.05.2023, 15:23:51] Send API link to user
[13.05.2023, 15:23:51] API Call
[13.05.2023, 15:23:52] Send API link to user
[13.05.2023, 15:23:52] API Call
[13.05.2023, 15:23:52] Send API link to user
[13.05.2023, 15:23:52] API Call
[13.05.2023, 15:23:52] Send API link to user
[13.05.2023, 15:23:53] API Call
[13.05.2023, 15:23:53] Send API link to user
[13.05.2023, 15:25:12] API Call
[13.05.2023, 15:25:12] Send JSON data
[13.05.2023, 15:25:17] API Call
[13.05.2023, 15:25:17] Send JSON data
[13.05.2023, 15:32:38] API Call
[13.05.2023, 15:32:39] Send JSON data
[13.05.2023, 15:32:43] API Call
[13.05.2023, 15:32:43] Send JSON data
[13.05.2023, 15:32:47] API Call
[13.05.2023, 15:32:47] Send JSON data
[13.05.2023, 15:32:52] API Call
[13.05.2023, 15:32:52] Send JSON data
[13.05.2023, 15:32:55] API Call
[13.05.2023, 15:32:55] Send JSON data
[13.05.2023, 15:32:58] API Call
[13.05.2023, 15:32:59] Send JSON data
[13.05.2023, 15:33:00] API Call
[13.05.2023, 15:33:00] Display table
[13.05.2023, 20:33:17] Server started on port 3001
[13.05.2023, 20:33:19] Server started on port 3001
[13.05.2023, 20:33:25] Server started on port 3001
[15.05.2023, 17:41:01] API Call
[15.05.2023, 17:41:01] Error in scrapeData()
[15.05.2023, 17:41:39] Server started on port 3001
[15.05.2023, 17:41:52] API Call
[15.05.2023, 17:41:52] Error in scrapeData()
[15.05.2023, 17:41:52] Send API link to user
[15.05.2023, 17:42:06] API Call
[15.05.2023, 17:42:06] Error in scrapeData()
[15.05.2023, 17:42:06] Send JSON data
[15.05.2023, 17:43:52] API Call
[15.05.2023, 17:43:53] Send JSON data
[15.05.2023, 18:54:10] Server started on port 3001
[15.05.2023, 18:54:17] Server started on port 3001
[15.05.2023, 18:54:29] Server started on port 3001
[15.05.2023, 18:55:00] Server started on port 3001
[15.05.2023, 18:55:08] Server started on port 3001
[15.05.2023, 18:55:21] Server started on port 3001
[15.05.2023, 18:55:46] Server started on port 3001
[15.05.2023, 18:56:17] Server started on port 3001
[15.05.2023, 18:56:41] Server started on port 3001
[15.05.2023, 18:56:43] Server started on port 3001
[15.05.2023, 19:01:28] Server started on port 3001
[15.05.2023, 19:04:11] Server started on port 3001
[15.05.2023, 19:04:15] Server started on port 3001
[15.05.2023, 19:05:13] Server started on port 3001
[15.05.2023, 19:05:26] Server started on port 3001
[15.05.2023, 19:07:05] Server started on port 3001
[15.05.2023, 19:08:48] Server started on port 3001
[15.05.2023, 19:08:54] Server started on port 3001
[15.05.2023, 19:08:55] Server started on port 3001
[15.05.2023, 19:09:32] Server started on port 3001
[15.05.2023, 19:10:04] Server started on port 3001
[15.05.2023, 19:10:15] Server started on port 3001
[15.05.2023, 19:10:32] Server started on port 3001
[15.05.2023, 19:11:56] Server started on port 3001
[15.05.2023, 19:12:07] Server started on port 3001
[15.05.2023, 19:13:22] Server started on port 3001
[15.05.2023, 19:13:24] Server started on port 3001
[15.05.2023, 19:13:36] Server started on port 3001
[15.05.2023, 19:13:45] Server started on port 3001
[15.05.2023, 19:13:55] Server started on port 3001
[15.05.2023, 19:14:15] Server started on port 3001
[15.05.2023, 19:14:32] Server started on port 3001
[15.05.2023, 19:14:35] Server started on port 3001
[15.05.2023, 19:14:49] Server started on port 3001
[15.05.2023, 19:15:03] Server started on port 3001
[15.05.2023, 19:15:28] Server started on port 3001
[15.05.2023, 19:15:44] Server started on port 3001
[15.05.2023, 19:16:02] Server started on port 3001
[15.05.2023, 19:16:06] Server started on port 3001
[15.05.2023, 19:16:07] Server started on port 3001
[15.05.2023, 19:16:18] Server started on port 3001
[15.05.2023, 19:16:49] Server started on port 3001
[15.05.2023, 19:17:03] Server started on port 3001
[15.05.2023, 19:17:21] Server started on port 3001
[15.05.2023, 19:17:27] Server started on port 3001
[15.05.2023, 19:18:00] Server started on port 3001
[15.05.2023, 19:18:05] Server started on port 3001
[15.05.2023, 19:18:09] Server started on port 3001
[15.05.2023, 19:18:20] Server started on port 3001
[15.05.2023, 19:19:29] Server started on port 3001
[15.05.2023, 19:20:13] Server started on port 3001
[15.05.2023, 19:20:26] Server started on port 3001
[15.05.2023, 19:21:13] Server started on port 3001
[15.05.2023, 19:21:27] Server started on port 3001
[15.05.2023, 19:21:36] Server started on port 3001
[15.05.2023, 19:22:50] Server started on port 3001
[15.05.2023, 19:23:07] Server started on port 3001
[15.05.2023, 19:23:48] Server started on port 3001
[15.05.2023, 19:24:28] Server started on port 3001
[15.05.2023, 19:24:40] Server started on port 3001
[15.05.2023, 19:24:46] Server started on port 3001
[15.05.2023, 19:26:00] API Call
[15.05.2023, 19:26:00] Send API link to user
[15.05.2023, 19:26:08] API Call
[15.05.2023, 19:26:09] Send JSON data
[15.05.2023, 19:26:16] API Call
[15.05.2023, 19:26:16] Display table
[15.05.2023, 22:39:05] Server started on port 3001
[15.05.2023, 22:40:10] Server started on port 3001
[15.05.2023, 22:40:36] Server started on port 3001
[15.05.2023, 22:41:12] Server started on port 3001
[15.05.2023, 22:41:14] Server started on port 3001
[15.05.2023, 22:41:39] Server started on port 3001
[15.05.2023, 22:41:43] Server started on port 3001
[15.05.2023, 22:41:56] Server started on port 3001
[15.05.2023, 22:42:25] Server started on port 3001
[15.05.2023, 22:42:39] Server started on port 3001
[15.05.2023, 22:42:54] API Call
[15.05.2023, 22:42:54] Error occurred on the user's side
[23.05.2023, 11:02:04] Server started on port 3001
[23.05.2023, 11:02:58] API Call
[23.05.2023, 11:02:58] Error occurred on the user's side
[23.05.2023, 11:03:07] API Call
[23.05.2023, 11:03:07] Error occurred on the user's side
[23.05.2023, 11:03:13] API Call
[23.05.2023, 11:03:13] Error occurred on the user's side
[23.05.2023, 11:03:19] API Call
[23.05.2023, 11:03:19] Error occurred on the user's side
[23.05.2023, 11:03:24] API Call
[23.05.2023, 11:03:24] Error occurred on the user's side
[23.05.2023, 11:03:34] API Call
[23.05.2023, 11:03:34] Error occurred on the user's side
[23.05.2023, 11:03:39] API Call
[23.05.2023, 11:03:39] Error occurred on the user's side
[23.05.2023, 11:03:44] API Call
[23.05.2023, 11:03:45] Error occurred on the user's side
[23.05.2023, 11:05:19] Server started on port 3001
[23.05.2023, 11:05:47] Server started on port 3001
[23.05.2023, 11:06:00] Server started on port 3001
[23.05.2023, 11:06:34] API Call
[23.05.2023, 11:06:34] Error occurred on the user's side
[23.05.2023, 11:07:16] API Call
[23.05.2023, 11:07:16] Send API link to user
[23.05.2023, 11:07:21] API Call
[23.05.2023, 11:07:21] Send JSON data
[23.05.2023, 11:07:26] API Call
[23.05.2023, 11:07:26] Display table
[23.05.2023, 11:08:01] API Call
[23.05.2023, 11:08:01] Display table
[23.05.2023, 11:08:41] Server started on port 3001
[23.05.2023, 11:09:05] Server started on port 3001
[23.05.2023, 11:38:49] Server started on port 3001
